Flutter crash report.
Please report a bug at https://github.com/flutter/flutter/issues.

## command

flutter pub get --no-example

## exception

ProcessPackageException: ProcessException: The paging file is too small for this operation to complete.

  Command: "C:\Program Files\Git\cmd\git.EXE" -c log.showSignature=false log HEAD -n 1 --pretty=format:%ad --date=iso

```
#0      LocalProcessManager.runSync (package:process/src/interface/local_process_manager.dart:118:7)
#1      ErrorHandlingProcessManager.runSync.<anonymous closure> (package:flutter_tools/src/base/error_handling_io.dart:714:24)
#2      _runSync (package:flutter_tools/src/base/error_handling_io.dart:590:14)
#3      ErrorHandlingProcessManager.runSync (package:flutter_tools/src/base/error_handling_io.dart:713:12)
#4      _runSync (package:flutter_tools/src/version.dart:856:56)
#5      _gitCommitDate (package:flutter_tools/src/version.dart:436:12)
#6      FlutterVersion.checkFlutterVersionFreshness (package:flutter_tools/src/version.dart:279:49)
#7      FlutterCommandRunner.runCommand.<anonymous closure> (package:flutter_tools/src/runner/flutter_command_runner.dart:320:40)
<asynchronous suspension>
#8      AppContext.run.<anonymous closure> (package:flutter_tools/src/base/context.dart:150:19)
<asynchronous suspension>
#9      FlutterCommandRunner.runCommand (package:flutter_tools/src/runner/flutter_command_runner.dart:294:5)
<asynchronous suspension>
#10     run.<anonymous closure>.<anonymous closure> (package:flutter_tools/runner.dart:112:9)
<asynchronous suspension>
#11     AppContext.run.<anonymous closure> (package:flutter_tools/src/base/context.dart:150:19)
<asynchronous suspension>
#12     main (package:flutter_tools/executable.dart:90:3)
<asynchronous suspension>
```

## flutter doctor

```
[!] Flutter (Channel stable, 3.16.5, on Microsoft Windows [Version 10.0.22621.3007], locale en-US)
    • Flutter version 3.16.5 on channel stable at C:\flutter
    ! The flutter binary is not on your path. Consider adding C:\flutter\bin to your path.
    ! The dart binary is not on your path. Consider adding C:\flutter\bin to your path.
    • Upstream repository https://github.com/flutter/flutter.git
    • Framework revision 78666c8dc5 (3 weeks ago), 2023-12-19 16:14:14 -0800
    • Engine revision 3f3e560236
    • Dart version 3.2.3
    • DevTools version 2.28.4
    • If those were intentional, you can disregard the above warnings; however it is recommended to use "git" directly to perform update checks and upgrades.

[✓] Windows Version (Installed version of Windows is version 10 or higher)

[!] Android toolchain - develop for Android devices (Android SDK version 30.0.3)
    • Android SDK at C:\Users\Fablur\AppData\Local\Android\sdk
    • Platform android-33, build-tools 30.0.3
    ✗ No Java Development Kit (JDK) found; You must have the environment variable JAVA_HOME set and the java binary in your PATH. You can download the JDK from https://www.oracle.com/technetwork/java/javase/downloads/.

[✓] Chrome - develop for the web
    • Chrome at C:\Program Files\Google\Chrome\Application\chrome.exe

[✓] Visual Studio - develop Windows apps (Visual Studio Build Tools 2019 16.11.24)
    • Visual Studio at C:\Program Files (x86)\Microsoft Visual Studio\2019\BuildTools
    • Visual Studio Build Tools 2019 version 16.11.33328.57
    • Windows 10 SDK version 10.0.19041.0

[!] Android Studio (version 2021.3)
    • Android Studio at C:\Program Files\Android\Android Studio
    • Flutter plugin can be installed from:
      🔨 https://plugins.jetbrains.com/plugin/9212-flutter
    • Dart plugin can be installed from:
      🔨 https://plugins.jetbrains.com/plugin/6351-dart
    ✗ Unable to determine bundled Java version.
    • Try updating or re-installing Android Studio.

[✓] VS Code (version 1.85.1)
    • VS Code at C:\Users\Fablur\AppData\Local\Programs\Microsoft VS Code
    • Flutter extension version 3.80.0

[✓] Connected device (3 available)
    • Windows (desktop) • windows • windows-x64    • Microsoft Windows [Version 10.0.22621.3007]
    • Chrome (web)      • chrome  • web-javascript • Google Chrome 120.0.6099.216
    • Edge (web)        • edge    • web-javascript • Microsoft Edge 120.0.2210.121

[✓] Network resources
    • All expected network resources are available.

! Doctor found issues in 3 categories.
```
